<?xml version="1.0" encoding="UTF-8"?>
<testng-results total="3" passed="3" failed="0" skipped="0">
  <reporter-output>
  </reporter-output>
  <suite started-at="2021-05-12T13:16:40Z" name="Suite" finished-at="2021-05-12T13:16:47Z" duration-ms="6547">
    <groups>
    </groups>
    <test started-at="2021-05-12T13:16:40Z" name="Test" finished-at="2021-05-12T13:16:47Z" duration-ms="6547">
      <class name="cowin.SlotFinder">
        <test-method is-config="true" signature="driverSetup()[pri:0, instance:cowin.SlotFinder@3b8f0a79]" started-at="2021-05-12T18:46:40Z" name="driverSetup" finished-at="2021-05-12T18:46:41Z" duration-ms="636" status="PASS">
          <reporter-output>
          </reporter-output>
        </test-method> <!-- driverSetup -->
        <test-method signature="openChromeDriver()[pri:0, instance:cowin.SlotFinder@3b8f0a79]" started-at="2021-05-12T18:46:41Z" name="openChromeDriver" finished-at="2021-05-12T18:46:46Z" duration-ms="4890" status="PASS">
          <reporter-output>
          </reporter-output>
        </test-method> <!-- openChromeDriver -->
        <test-method signature="SearchByPincode()[pri:0, instance:cowin.SlotFinder@3b8f0a79]" started-at="2021-05-12T18:46:46Z" name="SearchByPincode" finished-at="2021-05-12T18:46:46Z" duration-ms="315" status="PASS">
          <reporter-output>
          </reporter-output>
        </test-method> <!-- SearchByPincode -->
        <test-method signature="slotStatus()[pri:0, instance:cowin.SlotFinder@3b8f0a79]" started-at="2021-05-12T18:46:46Z" name="slotStatus" finished-at="2021-05-12T18:46:46Z" duration-ms="23" status="PASS">
          <reporter-output>
          </reporter-output>
        </test-method> <!-- slotStatus -->
        <test-method is-config="true" signature="closeBrowser()[pri:0, instance:cowin.SlotFinder@3b8f0a79]" started-at="2021-05-12T18:46:46Z" name="closeBrowser" finished-at="2021-05-12T18:46:47Z" duration-ms="675" status="PASS">
          <reporter-output>
          </reporter-output>
        </test-method> <!-- closeBrowser -->
      </class> <!-- cowin.SlotFinder -->
    </test> <!-- Test -->
  </suite> <!-- Suite -->
</testng-results>
