<?xml version="1.0" encoding="UTF-8"?>
<!-- Generated by org.testng.reporters.JUnitXMLReporter -->
<testsuite hostname="STADAS01" ignored="0" name="Command line test" tests="3" failures="0" timestamp="2021-05-12T18:36:16 IST" time="7.143" errors="0">
  <testcase name="openChromeDriver" time="5.547" classname="cowin.SlotFinder"/>
  <testcase name="SearchByPincode" time="0.289" classname="cowin.SlotFinder"/>
  <testcase name="slotStatus" time="0.024" classname="cowin.SlotFinder"/>
</testsuite> <!-- Command line test -->
